<?xml version="1.0" encoding="UTF-8"?>
<!-- Generated by org.testng.reporters.JUnitXMLReporter -->
<testsuite ignored="0" hostname="Robs-iPhone.Floor11Domain" failures="0" tests="3" name="Default test" time="57.777" errors="0" timestamp="2024-02-05T10:54:44 GMT">
  <testcase classname="end_2_end.Result_Page_e2e" name="CheckFor2Beds_Testcase_001" time="13.422"/>
  <testcase classname="end_2_end.Result_Page_e2e" name="CheckFor3Beds_Testcase_002" time="14.97"/>
  <testcase classname="end_2_end.Result_Page_e2e" name="CheckFor5Beds_Testcase_003" time="8.839"/>
</testsuite> <!-- Default test -->
