<?xml version="1.0" encoding="UTF-8"?>
<!-- Generated by org.testng.reporters.JUnitXMLReporter -->
<testsuite ignored="1" hostname="Olas-MacBook-Pro.local" failures="0" tests="1" name="Default test" time="14.45" errors="0" timestamp="2023-12-21T16:20:17 GMT">
  <testcase classname="end_2_end.SignUp_Page_e2e" name="CheckUserCanSignUp_Testcase_001" time="7.255"/>
  <testcase classname="end_2_end.SignUp_Page_e2e" name="CheckUserAlreadyHasAnAccount_Testcase_001" time="0.0">
    <ignored/>
  </testcase> <!-- CheckUserAlreadyHasAnAccount_Testcase_001 -->
</testsuite> <!-- Default test -->
