<?xml version="1.0" encoding="UTF-8"?>
<testng-results ignored="1" total="2" passed="1" failed="0" skipped="0">
  <reporter-output>
  </reporter-output>
  <suite started-at="2023-12-21T16:20:03 GMT" name="Default suite" finished-at="2023-12-21T16:20:17 GMT" duration-ms="14450">
    <groups>
    </groups>
    <test started-at="2023-12-21T16:20:03 GMT" name="Default test" finished-at="2023-12-21T16:20:17 GMT" duration-ms="14450">
      <class name="end_2_end.SignUp_Page_e2e">
        <test-method is-config="true" signature="setup()[pri:0, instance:end_2_end.SignUp_Page_e2e@6babf3bf]" started-at="2023-12-21T16:20:03 GMT" name="setup" finished-at="2023-12-21T16:20:09 GMT" duration-ms="6510" status="PASS">
          <reporter-output>
          </reporter-output>
        </test-method> <!-- setup -->
        <test-method signature="CheckUserCanSignUp_Testcase_001()[pri:0, instance:end_2_end.SignUp_Page_e2e@6babf3bf]" started-at="2023-12-21T16:20:09 GMT" name="CheckUserCanSignUp_Testcase_001" finished-at="2023-12-21T16:20:16 GMT" duration-ms="7255" status="PASS">
          <reporter-output>
          </reporter-output>
        </test-method> <!-- CheckUserCanSignUp_Testcase_001 -->
        <test-method is-config="true" signature="teardown(org.testng.ITestResult)[pri:0, instance:end_2_end.SignUp_Page_e2e@6babf3bf]" started-at="2023-12-21T16:20:16 GMT" name="teardown" finished-at="2023-12-21T16:20:17 GMT" duration-ms="646" status="PASS">
          <params>
            <param index="0">
              <value>
                <![CDATA[[TestResult name=CheckUserCanSignUp_Testcase_001 status=SUCCESS method=SignUp_Page_e2e.CheckUserCanSignUp_Testcase_001()[pri:0, instance:end_2_end.SignUp_Page_e2e@6babf3bf] output={null}]]]>
              </value>
            </param>
          </params>
          <reporter-output>
          </reporter-output>
        </test-method> <!-- teardown -->
      </class> <!-- end_2_end.SignUp_Page_e2e -->
    </test> <!-- Default test -->
  </suite> <!-- Default suite -->
</testng-results>
