<?xml version="1.0" encoding="UTF-8"?>
<testng-results ignored="0" total="1" passed="1" failed="0" skipped="0">
  <reporter-output>
  </reporter-output>
  <suite started-at="2023-12-29T12:26:56 GMT" name="Default suite" finished-at="2023-12-29T12:27:09 GMT" duration-ms="12267">
    <groups>
    </groups>
    <test started-at="2023-12-29T12:26:56 GMT" name="Default test" finished-at="2023-12-29T12:27:09 GMT" duration-ms="12267">
      <class name="end_2_end.LogIn_Page_e2e">
        <test-method is-config="true" signature="setup()[pri:0, instance:end_2_end.LogIn_Page_e2e@793be5ca]" started-at="2023-12-29T12:26:56 GMT" name="setup" finished-at="2023-12-29T12:27:05 GMT" duration-ms="8249" status="PASS">
          <reporter-output>
          </reporter-output>
        </test-method> <!-- setup -->
        <test-method signature="ConfirmUserCanLogIn_Testcase_001()[pri:0, instance:end_2_end.LogIn_Page_e2e@793be5ca]" started-at="2023-12-29T12:27:05 GMT" name="ConfirmUserCanLogIn_Testcase_001" finished-at="2023-12-29T12:27:08 GMT" duration-ms="3321" status="PASS">
          <reporter-output>
          </reporter-output>
        </test-method> <!-- ConfirmUserCanLogIn_Testcase_001 -->
        <test-method is-config="true" signature="teardown(org.testng.ITestResult)[pri:0, instance:end_2_end.LogIn_Page_e2e@793be5ca]" started-at="2023-12-29T12:27:08 GMT" name="teardown" finished-at="2023-12-29T12:27:09 GMT" duration-ms="654" status="PASS">
          <params>
            <param index="0">
              <value>
                <![CDATA[[TestResult name=ConfirmUserCanLogIn_Testcase_001 status=SUCCESS method=LogIn_Page_e2e.ConfirmUserCanLogIn_Testcase_001()[pri:0, instance:end_2_end.LogIn_Page_e2e@793be5ca] output={null}]]]>
              </value>
            </param>
          </params>
          <reporter-output>
          </reporter-output>
        </test-method> <!-- teardown -->
      </class> <!-- end_2_end.LogIn_Page_e2e -->
    </test> <!-- Default test -->
  </suite> <!-- Default suite -->
</testng-results>
